<!DOCTYPE html PUBLIC "-//W3C//DTD XHTML 1.1//EN" "http://www.w3.org/TR/xhtml11/DTD/xhtml11.dtd">
<html xmlns="http://www.w3.org/1999/xhtml">
<head>
<meta http-equiv="content-type" content="text/html; charset=UTF-8"/>
<title>TestNG Report</title>
<style type="text/css">table {margin-bottom:10px;border-collapse:collapse;empty-cells:show}th,td {border:1px solid #009;padding:.25em .5em}th {vertical-align:bottom}td {vertical-align:top}table a {font-weight:bold}.stripe td {background-color: #E6EBF9}.num {text-align:right}.passedodd td {background-color: #3F3}.passedeven td {background-color: #0A0}.skippedodd td {background-color: #DDD}.skippedeven td {background-color: #CCC}.failedodd td,.attn {background-color: #F33}.failedeven td,.stripe .attn {background-color: #D00}.stacktrace {white-space:pre;font-family:monospace}.totop {font-size:85%;text-align:center;border-bottom:2px solid #000}.invisible {display:none}</style>
</head>
<body>
<table>
<tr><th>Test</th><th># Passed</th><th># Skipped</th><th># Retried</th><th># Failed</th><th>Time (ms)</th><th>Included Groups</th><th>Excluded Groups</th></tr>
<tr><th colspan="8">Suite</th></tr>
<tr><td><a href="#t0">Test</a></td><td class="num">16</td><td class="num">0</td><td class="num">0</td><td class="num attn">3</td><td class="num">500,946</td><td></td><td></td></tr>
</table>
<table id='summary'><thead><tr><th>Class</th><th>Method</th><th>Start</th><th>Time (ms)</th></tr></thead><tbody><tr><th colspan="4">Suite</th></tr></tbody><tbody id="t0"><tr><th colspan="4">Test &#8212; failed</th></tr><tr class="failedeven"><td rowspan="1">Test.Test_Stemex_Application_Creation</td><td><a href="#m0">App_Create_Test</a></td><td rowspan="1">1664436373791</td><td rowspan="1">3619</td></tr><tr class="failedodd"><td rowspan="1">Test.Test_Stemex_Application_Creation_with_stage2_rejected2</td><td><a href="#m1">App_Create_stage_Test</a></td><td rowspan="1">1664436771856</td><td rowspan="1">4442</td></tr><tr class="failedeven"><td rowspan="1">Test.Test_Stemex_Application_Creation_with_stage_verification</td><td><a href="#m2">App_Create_stage_Test</a></td><td rowspan="1">1664436596450</td><td rowspan="1">1793</td></tr><tr><th colspan="4">Test &#8212; passed</th></tr><tr class="passedeven"><td rowspan="2">Test.Test_Log_In_Stemex</td><td><a href="#m3">Test_Stemex_Log_In</a></td><td rowspan="1">1664436326857</td><td rowspan="1">23131</td></tr><tr class="passedeven"><td><a href="#m4">Test_Stemex_Log_In_with_wrong_credentials</a></td><td rowspan="1">1664436317798</td><td rowspan="1">8991</td></tr><tr class="passedodd"><td rowspan="1">Test.Test_Stemex_Application_Creation_with_stage2_rejected2</td><td><a href="#m5">App_Create_verify_stage2_rejected</a></td><td rowspan="1">1664436776402</td><td rowspan="1">11146</td></tr><tr class="passedeven"><td rowspan="2">Test.Test_Stemex_Application_Creation_with_stage_rejected</td><td><a href="#m6">App_Create_stage_Test</a></td><td rowspan="1">1664436652102</td><td rowspan="1">72689</td></tr><tr class="passedeven"><td><a href="#m7">App_Create_verify_stage1_rejected</a></td><td rowspan="1">1664436724796</td><td rowspan="1">8120</td></tr><tr class="passedodd"><td rowspan="2">Test.Test_Stemex_Application_Creation_with_stage_verification</td><td><a href="#m8">App_Create_verify_stage1</a></td><td rowspan="1">1664436598349</td><td rowspan="1">11155</td></tr><tr class="passedodd"><td><a href="#m9">App_Create_verify_stage2</a></td><td rowspan="1">1664436609507</td><td rowspan="1">8125</td></tr><tr class="passedeven"><td rowspan="9">Test.Test_Stemex_Search_Filters</td><td><a href="#m10">Stemp_Ex_Search_Test_By_Status_On_All_Tab</a></td><td rowspan="1">1664436389540</td><td rowspan="1">85274</td></tr><tr class="passedeven"><td><a href="#m11">Stemp_Ex_Search_Test_By_Status_On_Mine_Tab</a></td><td rowspan="1">1664436474818</td><td rowspan="1">22122</td></tr><tr class="passedeven"><td><a href="#m12">Stemp_Ex_Search_Test_Record_On_Action_Tab</a></td><td rowspan="1">1664436576791</td><td rowspan="1">1791</td></tr><tr class="passedeven"><td><a href="#m13">Stemp_Ex_Search_Test_Record_On_All_Tab</a></td><td rowspan="1">1664436556698</td><td rowspan="1">2347</td></tr><tr class="passedeven"><td><a href="#m14">Stemp_Ex_Search_Test_Record_On_Mine_Tab</a></td><td rowspan="1">1664436567048</td><td rowspan="1">1802</td></tr><tr class="passedeven"><td><a href="#m15">Stemp_Ex_Search_by_Definition_On_Action_Tab</a></td><td rowspan="1">1664436568852</td><td rowspan="1">7937</td></tr><tr class="passedeven"><td><a href="#m16">Stemp_Ex_Search_by_Definition_On_All_Tab</a></td><td rowspan="1">1664436549120</td><td rowspan="1">7576</td></tr><tr class="passedeven"><td><a href="#m17">Stemp_Ex_Search_by_Definition_On_Mine_Tab</a></td><td rowspan="1">1664436559048</td><td rowspan="1">7997</td></tr><tr class="passedeven"><td><a href="#m18">Stemp_Ex_Search_by_Newset_First_Record_and_Oldest_First_Record</a></td><td rowspan="1">1664436496943</td><td rowspan="1">52174</td></tr></tbody>
</table>
<h2>Test</h2><h3 id="m0">Test.Test_Stemex_Application_Creation#App_Create_Test</h3><table class="result"><tr><th>Exception</th></tr><tr><td><div class="stacktrace">java.lang.AssertionError: expected [https://stemexe-stag.web.app/groups/choose] but found [https://stemexe-stag.web.app/auth/login]
	at Test.Test_Stemex_Application_Creation.App_Create_Test(Test_Stemex_Application_Creation.java:53)
	at java.base/java.util.ArrayList.forEach(ArrayList.java:1511)
... Removed 32 stack frames</div></td></tr></table><p class="totop"><a href="#summary">back to summary</a></p>
<h3 id="m1">Test.Test_Stemex_Application_Creation_with_stage2_rejected2#App_Create_stage_Test</h3><table class="result"><tr><th>Exception</th></tr><tr><td><div class="stacktrace">java.lang.AssertionError: expected [https://stemexe-stag.web.app/groups/choose] but found [https://stemexe-stag.web.app/auth/login]
	at Test.Test_Stemex_Application_Creation_with_stage2_rejected2.App_Create_stage_Test(Test_Stemex_Application_Creation_with_stage2_rejected2.java:54)
	at java.base/java.util.ArrayList.forEach(ArrayList.java:1511)
... Removed 32 stack frames</div></td></tr></table><p class="totop"><a href="#summary">back to summary</a></p>
<h3 id="m2">Test.Test_Stemex_Application_Creation_with_stage_verification#App_Create_stage_Test</h3><table class="result"><tr><th>Exception</th></tr><tr><td><div class="stacktrace">java.lang.AssertionError: expected [https://stemexe-stag.web.app/groups/choose] but found [https://stemexe-stag.web.app/auth/login]
	at Test.Test_Stemex_Application_Creation_with_stage_verification.App_Create_stage_Test(Test_Stemex_Application_Creation_with_stage_verification.java:54)
	at java.base/java.util.ArrayList.forEach(ArrayList.java:1511)
... Removed 32 stack frames</div></td></tr></table><p class="totop"><a href="#summary">back to summary</a></p>
<h3 id="m3">Test.Test_Log_In_Stemex#Test_Stemex_Log_In</h3><table class="result"><tr><th class="invisible"/></tr></table><p class="totop"><a href="#summary">back to summary</a></p>
<h3 id="m4">Test.Test_Log_In_Stemex#Test_Stemex_Log_In_with_wrong_credentials</h3><table class="result"><tr><th class="invisible"/></tr></table><p class="totop"><a href="#summary">back to summary</a></p>
<h3 id="m5">Test.Test_Stemex_Application_Creation_with_stage2_rejected2#App_Create_verify_stage2_rejected</h3><table class="result"><tr><th class="invisible"/></tr></table><p class="totop"><a href="#summary">back to summary</a></p>
<h3 id="m6">Test.Test_Stemex_Application_Creation_with_stage_rejected#App_Create_stage_Test</h3><table class="result"><tr><th class="invisible"/></tr></table><p class="totop"><a href="#summary">back to summary</a></p>
<h3 id="m7">Test.Test_Stemex_Application_Creation_with_stage_rejected#App_Create_verify_stage1_rejected</h3><table class="result"><tr><th class="invisible"/></tr></table><p class="totop"><a href="#summary">back to summary</a></p>
<h3 id="m8">Test.Test_Stemex_Application_Creation_with_stage_verification#App_Create_verify_stage1</h3><table class="result"><tr><th class="invisible"/></tr></table><p class="totop"><a href="#summary">back to summary</a></p>
<h3 id="m9">Test.Test_Stemex_Application_Creation_with_stage_verification#App_Create_verify_stage2</h3><table class="result"><tr><th class="invisible"/></tr></table><p class="totop"><a href="#summary">back to summary</a></p>
<h3 id="m10">Test.Test_Stemex_Search_Filters#Stemp_Ex_Search_Test_By_Status_On_All_Tab</h3><table class="result"><tr><th class="invisible"/></tr></table><p class="totop"><a href="#summary">back to summary</a></p>
<h3 id="m11">Test.Test_Stemex_Search_Filters#Stemp_Ex_Search_Test_By_Status_On_Mine_Tab</h3><table class="result"><tr><th class="invisible"/></tr></table><p class="totop"><a href="#summary">back to summary</a></p>
<h3 id="m12">Test.Test_Stemex_Search_Filters#Stemp_Ex_Search_Test_Record_On_Action_Tab</h3><table class="result"><tr><th class="invisible"/></tr></table><p class="totop"><a href="#summary">back to summary</a></p>
<h3 id="m13">Test.Test_Stemex_Search_Filters#Stemp_Ex_Search_Test_Record_On_All_Tab</h3><table class="result"><tr><th class="invisible"/></tr></table><p class="totop"><a href="#summary">back to summary</a></p>
<h3 id="m14">Test.Test_Stemex_Search_Filters#Stemp_Ex_Search_Test_Record_On_Mine_Tab</h3><table class="result"><tr><th class="invisible"/></tr></table><p class="totop"><a href="#summary">back to summary</a></p>
<h3 id="m15">Test.Test_Stemex_Search_Filters#Stemp_Ex_Search_by_Definition_On_Action_Tab</h3><table class="result"><tr><th class="invisible"/></tr></table><p class="totop"><a href="#summary">back to summary</a></p>
<h3 id="m16">Test.Test_Stemex_Search_Filters#Stemp_Ex_Search_by_Definition_On_All_Tab</h3><table class="result"><tr><th class="invisible"/></tr></table><p class="totop"><a href="#summary">back to summary</a></p>
<h3 id="m17">Test.Test_Stemex_Search_Filters#Stemp_Ex_Search_by_Definition_On_Mine_Tab</h3><table class="result"><tr><th class="invisible"/></tr></table><p class="totop"><a href="#summary">back to summary</a></p>
<h3 id="m18">Test.Test_Stemex_Search_Filters#Stemp_Ex_Search_by_Newset_First_Record_and_Oldest_First_Record</h3><table class="result"><tr><th class="invisible"/></tr></table><p class="totop"><a href="#summary">back to summary</a></p>
</body>
</html>
