<!DOCTYPE html>

<html>
  <head>
  <meta charset='utf-8'>
  <title>TestNG reports</title>

    <link type="text/css" href="testng-reports.css" rel="stylesheet" />
    <script type="text/javascript" src="jquery-3.4.1.min.js"></script>
    <script type="text/javascript" src="testng-reports.js"></script>
    <script type="text/javascript" src="https://www.google.com/jsapi"></script>
    <script type='text/javascript'>
      google.load('visualization', '1', {packages:['table']});
      google.setOnLoadCallback(drawTable);
      var suiteTableInitFunctions = new Array();
      var suiteTableData = new Array();
    </script>
    <!--
      <script type="text/javascript" src="jquery-ui/js/jquery-ui-1.8.16.custom.min.js"></script>
     -->
  </head>

  <body>
    <div class="top-banner-root">
      <span class="top-banner-title-font">Test results</span>
      <br/>
      <span class="top-banner-font-1">1 suite, 3 failed tests</span>
    </div> <!-- top-banner-root -->
    <div class="navigator-root">
      <div class="navigator-suite-header">
        <span>All suites</span>
        <a href="#" title="Collapse/expand all the suites" class="collapse-all-link">
          <img src="collapseall.gif" class="collapse-all-icon">
          </img> <!-- collapse-all-icon -->
        </a> <!-- collapse-all-link -->
      </div> <!-- navigator-suite-header -->
      <div class="suite">
        <div class="rounded-window">
          <div class="suite-header light-rounded-window-top">
            <a href="#" panel-name="suite-Suite" class="navigator-link">
              <span class="suite-name border-failed">Suite</span>
            </a> <!-- navigator-link -->
          </div> <!-- suite-header light-rounded-window-top -->
          <div class="navigator-suite-content">
            <div class="suite-section-title">
              <span>Info</span>
            </div> <!-- suite-section-title -->
            <div class="suite-section-content">
              <ul>
                <li>
                  <a href="#" panel-name="test-xml-Suite" class="navigator-link ">
                    <span>C:\ESP_Automation\Selenium_Framework\Selenium_Framework\testng.xml</span>
                  </a> <!-- navigator-link  -->
                </li>
                <li>
                  <a href="#" panel-name="testlist-Suite" class="navigator-link ">
                    <span class="test-stats">1 test</span>
                  </a> <!-- navigator-link  -->
                </li>
                <li>
                  <a href="#" panel-name="group-Suite" class="navigator-link ">
                    <span>0 groups</span>
                  </a> <!-- navigator-link  -->
                </li>
                <li>
                  <a href="#" panel-name="times-Suite" class="navigator-link ">
                    <span>Times</span>
                  </a> <!-- navigator-link  -->
                </li>
                <li>
                  <a href="#" panel-name="reporter-Suite" class="navigator-link ">
                    <span>Reporter output</span>
                  </a> <!-- navigator-link  -->
                </li>
                <li>
                  <a href="#" panel-name="ignored-methods-Suite" class="navigator-link ">
                    <span>Ignored methods</span>
                  </a> <!-- navigator-link  -->
                </li>
                <li>
                  <a href="#" panel-name="chronological-Suite" class="navigator-link ">
                    <span>Chronological view</span>
                  </a> <!-- navigator-link  -->
                </li>
              </ul>
            </div> <!-- suite-section-content -->
            <div class="result-section">
              <div class="suite-section-title">
                <span>Results</span>
              </div> <!-- suite-section-title -->
              <div class="suite-section-content">
                <ul>
                  <li>
                    <span class="method-stats">19 methods, 3 failed,   16 passed</span>
                  </li>
                  <li>
                    <span class="method-list-title failed">Failed methods</span>
                    <span class="show-or-hide-methods failed">
                      <a href="#" panel-name="suite-Suite" class="hide-methods failed suite-Suite"> (hide)</a> <!-- hide-methods failed suite-Suite -->
                      <a href="#" panel-name="suite-Suite" class="show-methods failed suite-Suite"> (show)</a> <!-- show-methods failed suite-Suite -->
                    </span>
                    <div class="method-list-content failed suite-Suite">
                      <span>
                        <img src="failed.png" width="3%"/>
                        <a href="#" panel-name="suite-Suite" title="Test.Test_Stemex_Application_Creation" class="method navigator-link" hash-for-method="App_Create_Test">App_Create_Test</a> <!-- method navigator-link -->
                      </span>
                      <br/>
                      <span>
                        <img src="failed.png" width="3%"/>
                        <a href="#" panel-name="suite-Suite" title="Test.Test_Stemex_Application_Creation_with_stage_verification" class="method navigator-link" hash-for-method="App_Create_stage_Test">App_Create_stage_Test</a> <!-- method navigator-link -->
                      </span>
                      <br/>
                      <span>
                        <img src="failed.png" width="3%"/>
                        <a href="#" panel-name="suite-Suite" title="Test.Test_Stemex_Application_Creation_with_stage2_rejected2" class="method navigator-link" hash-for-method="App_Create_stage_Test">App_Create_stage_Test</a> <!-- method navigator-link -->
                      </span>
                      <br/>
                    </div> <!-- method-list-content failed suite-Suite -->
                  </li>
                  <li>
                    <span class="method-list-title passed">Passed methods</span>
                    <span class="show-or-hide-methods passed">
                      <a href="#" panel-name="suite-Suite" class="hide-methods passed suite-Suite"> (hide)</a> <!-- hide-methods passed suite-Suite -->
                      <a href="#" panel-name="suite-Suite" class="show-methods passed suite-Suite"> (show)</a> <!-- show-methods passed suite-Suite -->
                    </span>
                    <div class="method-list-content passed suite-Suite">
                      <span>
                        <img src="passed.png" width="3%"/>
                        <a href="#" panel-name="suite-Suite" title="Test.Test_Stemex_Application_Creation_with_stage_rejected" class="method navigator-link" hash-for-method="App_Create_stage_Test">App_Create_stage_Test</a> <!-- method navigator-link -->
                      </span>
                      <br/>
                      <span>
                        <img src="passed.png" width="3%"/>
                        <a href="#" panel-name="suite-Suite" title="Test.Test_Stemex_Application_Creation_with_stage_verification" class="method navigator-link" hash-for-method="App_Create_verify_stage1">App_Create_verify_stage1</a> <!-- method navigator-link -->
                      </span>
                      <br/>
                      <span>
                        <img src="passed.png" width="3%"/>
                        <a href="#" panel-name="suite-Suite" title="Test.Test_Stemex_Application_Creation_with_stage_rejected" class="method navigator-link" hash-for-method="App_Create_verify_stage1_rejected">App_Create_verify_stage1_rejected</a> <!-- method navigator-link -->
                      </span>
                      <br/>
                      <span>
                        <img src="passed.png" width="3%"/>
                        <a href="#" panel-name="suite-Suite" title="Test.Test_Stemex_Application_Creation_with_stage_verification" class="method navigator-link" hash-for-method="App_Create_verify_stage2">App_Create_verify_stage2</a> <!-- method navigator-link -->
                      </span>
                      <br/>
                      <span>
                        <img src="passed.png" width="3%"/>
                        <a href="#" panel-name="suite-Suite" title="Test.Test_Stemex_Application_Creation_with_stage2_rejected2" class="method navigator-link" hash-for-method="App_Create_verify_stage2_rejected">App_Create_verify_stage2_rejected</a> <!-- method navigator-link -->
                      </span>
                      <br/>
                      <span>
                        <img src="passed.png" width="3%"/>
                        <a href="#" panel-name="suite-Suite" title="Test.Test_Stemex_Search_Filters" class="method navigator-link" hash-for-method="Stemp_Ex_Search_Test_By_Status_On_All_Tab">Stemp_Ex_Search_Test_By_Status_On_All_Tab</a> <!-- method navigator-link -->
                      </span>
                      <br/>
                      <span>
                        <img src="passed.png" width="3%"/>
                        <a href="#" panel-name="suite-Suite" title="Test.Test_Stemex_Search_Filters" class="method navigator-link" hash-for-method="Stemp_Ex_Search_Test_By_Status_On_Mine_Tab">Stemp_Ex_Search_Test_By_Status_On_Mine_Tab</a> <!-- method navigator-link -->
                      </span>
                      <br/>
                      <span>
                        <img src="passed.png" width="3%"/>
                        <a href="#" panel-name="suite-Suite" title="Test.Test_Stemex_Search_Filters" class="method navigator-link" hash-for-method="Stemp_Ex_Search_Test_Record_On_Action_Tab">Stemp_Ex_Search_Test_Record_On_Action_Tab</a> <!-- method navigator-link -->
                      </span>
                      <br/>
                      <span>
                        <img src="passed.png" width="3%"/>
                        <a href="#" panel-name="suite-Suite" title="Test.Test_Stemex_Search_Filters" class="method navigator-link" hash-for-method="Stemp_Ex_Search_Test_Record_On_All_Tab">Stemp_Ex_Search_Test_Record_On_All_Tab</a> <!-- method navigator-link -->
                      </span>
                      <br/>
                      <span>
                        <img src="passed.png" width="3%"/>
                        <a href="#" panel-name="suite-Suite" title="Test.Test_Stemex_Search_Filters" class="method navigator-link" hash-for-method="Stemp_Ex_Search_Test_Record_On_Mine_Tab">Stemp_Ex_Search_Test_Record_On_Mine_Tab</a> <!-- method navigator-link -->
                      </span>
                      <br/>
                      <span>
                        <img src="passed.png" width="3%"/>
                        <a href="#" panel-name="suite-Suite" title="Test.Test_Stemex_Search_Filters" class="method navigator-link" hash-for-method="Stemp_Ex_Search_by_Definition_On_Action_Tab">Stemp_Ex_Search_by_Definition_On_Action_Tab</a> <!-- method navigator-link -->
                      </span>
                      <br/>
                      <span>
                        <img src="passed.png" width="3%"/>
                        <a href="#" panel-name="suite-Suite" title="Test.Test_Stemex_Search_Filters" class="method navigator-link" hash-for-method="Stemp_Ex_Search_by_Definition_On_All_Tab">Stemp_Ex_Search_by_Definition_On_All_Tab</a> <!-- method navigator-link -->
                      </span>
                      <br/>
                      <span>
                        <img src="passed.png" width="3%"/>
                        <a href="#" panel-name="suite-Suite" title="Test.Test_Stemex_Search_Filters" class="method navigator-link" hash-for-method="Stemp_Ex_Search_by_Definition_On_Mine_Tab">Stemp_Ex_Search_by_Definition_On_Mine_Tab</a> <!-- method navigator-link -->
                      </span>
                      <br/>
                      <span>
                        <img src="passed.png" width="3%"/>
                        <a href="#" panel-name="suite-Suite" title="Test.Test_Stemex_Search_Filters" class="method navigator-link" hash-for-method="Stemp_Ex_Search_by_Newset_First_Record_and_Oldest_First_Record">Stemp_Ex_Search_by_Newset_First_Record_and_Oldest_First_Record</a> <!-- method navigator-link -->
                      </span>
                      <br/>
                      <span>
                        <img src="passed.png" width="3%"/>
                        <a href="#" panel-name="suite-Suite" title="Test.Test_Log_In_Stemex" class="method navigator-link" hash-for-method="Test_Stemex_Log_In">Test_Stemex_Log_In</a> <!-- method navigator-link -->
                      </span>
                      <br/>
                      <span>
                        <img src="passed.png" width="3%"/>
                        <a href="#" panel-name="suite-Suite" title="Test.Test_Log_In_Stemex" class="method navigator-link" hash-for-method="Test_Stemex_Log_In_with_wrong_credentials">Test_Stemex_Log_In_with_wrong_credentials</a> <!-- method navigator-link -->
                      </span>
                      <br/>
                    </div> <!-- method-list-content passed suite-Suite -->
                  </li>
                </ul>
              </div> <!-- suite-section-content -->
            </div> <!-- result-section -->
          </div> <!-- navigator-suite-content -->
        </div> <!-- rounded-window -->
      </div> <!-- suite -->
    </div> <!-- navigator-root -->
    <div class="wrapper">
      <div class="main-panel-root">
        <div panel-name="suite-Suite" class="panel Suite">
          <div class="suite-Suite-class-failed">
            <div class="main-panel-header rounded-window-top">
              <img src="failed.png"/>
              <span class="class-name">Test.Test_Stemex_Application_Creation</span>
            </div> <!-- main-panel-header rounded-window-top -->
            <div class="main-panel-content rounded-window-bottom">
              <div class="method">
                <div class="method-content">
                  <a name="App_Create_Test">
                  </a> <!-- App_Create_Test -->
                  <span class="method-name">App_Create_Test</span>
                  <div class="stack-trace">java.lang.AssertionError: expected [https://stemexe-stag.web.app/groups/choose] but found [https://stemexe-stag.web.app/auth/login]
	at Test.Test_Stemex_Application_Creation.App_Create_Test(Test_Stemex_Application_Creation.java:53)
	at java.base/java.util.ArrayList.forEach(ArrayList.java:1511)
... Removed 32 stack frames
</div> <!-- stack-trace -->
                </div> <!-- method-content -->
              </div> <!-- method -->
            </div> <!-- main-panel-content rounded-window-bottom -->
          </div> <!-- suite-Suite-class-failed -->
          <div class="suite-Suite-class-failed">
            <div class="main-panel-header rounded-window-top">
              <img src="failed.png"/>
              <span class="class-name">Test.Test_Stemex_Application_Creation_with_stage2_rejected2</span>
            </div> <!-- main-panel-header rounded-window-top -->
            <div class="main-panel-content rounded-window-bottom">
              <div class="method">
                <div class="method-content">
                  <a name="App_Create_stage_Test">
                  </a> <!-- App_Create_stage_Test -->
                  <span class="method-name">App_Create_stage_Test</span>
                  <div class="stack-trace">java.lang.AssertionError: expected [https://stemexe-stag.web.app/groups/choose] but found [https://stemexe-stag.web.app/auth/login]
	at Test.Test_Stemex_Application_Creation_with_stage2_rejected2.App_Create_stage_Test(Test_Stemex_Application_Creation_with_stage2_rejected2.java:54)
	at java.base/java.util.ArrayList.forEach(ArrayList.java:1511)
... Removed 32 stack frames
</div> <!-- stack-trace -->
                </div> <!-- method-content -->
              </div> <!-- method -->
            </div> <!-- main-panel-content rounded-window-bottom -->
          </div> <!-- suite-Suite-class-failed -->
          <div class="suite-Suite-class-failed">
            <div class="main-panel-header rounded-window-top">
              <img src="failed.png"/>
              <span class="class-name">Test.Test_Stemex_Application_Creation_with_stage_verification</span>
            </div> <!-- main-panel-header rounded-window-top -->
            <div class="main-panel-content rounded-window-bottom">
              <div class="method">
                <div class="method-content">
                  <a name="App_Create_stage_Test">
                  </a> <!-- App_Create_stage_Test -->
                  <span class="method-name">App_Create_stage_Test</span>
                  <div class="stack-trace">java.lang.AssertionError: expected [https://stemexe-stag.web.app/groups/choose] but found [https://stemexe-stag.web.app/auth/login]
	at Test.Test_Stemex_Application_Creation_with_stage_verification.App_Create_stage_Test(Test_Stemex_Application_Creation_with_stage_verification.java:54)
	at java.base/java.util.ArrayList.forEach(ArrayList.java:1511)
... Removed 32 stack frames
</div> <!-- stack-trace -->
                </div> <!-- method-content -->
              </div> <!-- method -->
            </div> <!-- main-panel-content rounded-window-bottom -->
          </div> <!-- suite-Suite-class-failed -->
          <div class="suite-Suite-class-passed">
            <div class="main-panel-header rounded-window-top">
              <img src="passed.png"/>
              <span class="class-name">Test.Test_Stemex_Application_Creation_with_stage_rejected</span>
            </div> <!-- main-panel-header rounded-window-top -->
            <div class="main-panel-content rounded-window-bottom">
              <div class="method">
                <div class="method-content">
                  <a name="App_Create_stage_Test">
                  </a> <!-- App_Create_stage_Test -->
                  <span class="method-name">App_Create_stage_Test</span>
                </div> <!-- method-content -->
              </div> <!-- method -->
              <div class="method">
                <div class="method-content">
                  <a name="App_Create_verify_stage1_rejected">
                  </a> <!-- App_Create_verify_stage1_rejected -->
                  <span class="method-name">App_Create_verify_stage1_rejected</span>
                </div> <!-- method-content -->
              </div> <!-- method -->
            </div> <!-- main-panel-content rounded-window-bottom -->
          </div> <!-- suite-Suite-class-passed -->
          <div class="suite-Suite-class-passed">
            <div class="main-panel-header rounded-window-top">
              <img src="passed.png"/>
              <span class="class-name">Test.Test_Stemex_Search_Filters</span>
            </div> <!-- main-panel-header rounded-window-top -->
            <div class="main-panel-content rounded-window-bottom">
              <div class="method">
                <div class="method-content">
                  <a name="Stemp_Ex_Search_Test_By_Status_On_All_Tab">
                  </a> <!-- Stemp_Ex_Search_Test_By_Status_On_All_Tab -->
                  <span class="method-name">Stemp_Ex_Search_Test_By_Status_On_All_Tab</span>
                </div> <!-- method-content -->
              </div> <!-- method -->
              <div class="method">
                <div class="method-content">
                  <a name="Stemp_Ex_Search_Test_By_Status_On_Mine_Tab">
                  </a> <!-- Stemp_Ex_Search_Test_By_Status_On_Mine_Tab -->
                  <span class="method-name">Stemp_Ex_Search_Test_By_Status_On_Mine_Tab</span>
                </div> <!-- method-content -->
              </div> <!-- method -->
              <div class="method">
                <div class="method-content">
                  <a name="Stemp_Ex_Search_Test_Record_On_Action_Tab">
                  </a> <!-- Stemp_Ex_Search_Test_Record_On_Action_Tab -->
                  <span class="method-name">Stemp_Ex_Search_Test_Record_On_Action_Tab</span>
                </div> <!-- method-content -->
              </div> <!-- method -->
              <div class="method">
                <div class="method-content">
                  <a name="Stemp_Ex_Search_Test_Record_On_All_Tab">
                  </a> <!-- Stemp_Ex_Search_Test_Record_On_All_Tab -->
                  <span class="method-name">Stemp_Ex_Search_Test_Record_On_All_Tab</span>
                </div> <!-- method-content -->
              </div> <!-- method -->
              <div class="method">
                <div class="method-content">
                  <a name="Stemp_Ex_Search_Test_Record_On_Mine_Tab">
                  </a> <!-- Stemp_Ex_Search_Test_Record_On_Mine_Tab -->
                  <span class="method-name">Stemp_Ex_Search_Test_Record_On_Mine_Tab</span>
                </div> <!-- method-content -->
              </div> <!-- method -->
              <div class="method">
                <div class="method-content">
                  <a name="Stemp_Ex_Search_by_Definition_On_Action_Tab">
                  </a> <!-- Stemp_Ex_Search_by_Definition_On_Action_Tab -->
                  <span class="method-name">Stemp_Ex_Search_by_Definition_On_Action_Tab</span>
                </div> <!-- method-content -->
              </div> <!-- method -->
              <div class="method">
                <div class="method-content">
                  <a name="Stemp_Ex_Search_by_Definition_On_All_Tab">
                  </a> <!-- Stemp_Ex_Search_by_Definition_On_All_Tab -->
                  <span class="method-name">Stemp_Ex_Search_by_Definition_On_All_Tab</span>
                </div> <!-- method-content -->
              </div> <!-- method -->
              <div class="method">
                <div class="method-content">
                  <a name="Stemp_Ex_Search_by_Definition_On_Mine_Tab">
                  </a> <!-- Stemp_Ex_Search_by_Definition_On_Mine_Tab -->
                  <span class="method-name">Stemp_Ex_Search_by_Definition_On_Mine_Tab</span>
                </div> <!-- method-content -->
              </div> <!-- method -->
              <div class="method">
                <div class="method-content">
                  <a name="Stemp_Ex_Search_by_Newset_First_Record_and_Oldest_First_Record">
                  </a> <!-- Stemp_Ex_Search_by_Newset_First_Record_and_Oldest_First_Record -->
                  <span class="method-name">Stemp_Ex_Search_by_Newset_First_Record_and_Oldest_First_Record</span>
                </div> <!-- method-content -->
              </div> <!-- method -->
            </div> <!-- main-panel-content rounded-window-bottom -->
          </div> <!-- suite-Suite-class-passed -->
          <div class="suite-Suite-class-passed">
            <div class="main-panel-header rounded-window-top">
              <img src="passed.png"/>
              <span class="class-name">Test.Test_Log_In_Stemex</span>
            </div> <!-- main-panel-header rounded-window-top -->
            <div class="main-panel-content rounded-window-bottom">
              <div class="method">
                <div class="method-content">
                  <a name="Test_Stemex_Log_In">
                  </a> <!-- Test_Stemex_Log_In -->
                  <span class="method-name">Test_Stemex_Log_In</span>
                </div> <!-- method-content -->
              </div> <!-- method -->
              <div class="method">
                <div class="method-content">
                  <a name="Test_Stemex_Log_In_with_wrong_credentials">
                  </a> <!-- Test_Stemex_Log_In_with_wrong_credentials -->
                  <span class="method-name">Test_Stemex_Log_In_with_wrong_credentials</span>
                </div> <!-- method-content -->
              </div> <!-- method -->
            </div> <!-- main-panel-content rounded-window-bottom -->
          </div> <!-- suite-Suite-class-passed -->
          <div class="suite-Suite-class-passed">
            <div class="main-panel-header rounded-window-top">
              <img src="passed.png"/>
              <span class="class-name">Test.Test_Stemex_Application_Creation_with_stage2_rejected2</span>
            </div> <!-- main-panel-header rounded-window-top -->
            <div class="main-panel-content rounded-window-bottom">
              <div class="method">
                <div class="method-content">
                  <a name="App_Create_verify_stage2_rejected">
                  </a> <!-- App_Create_verify_stage2_rejected -->
                  <span class="method-name">App_Create_verify_stage2_rejected</span>
                </div> <!-- method-content -->
              </div> <!-- method -->
            </div> <!-- main-panel-content rounded-window-bottom -->
          </div> <!-- suite-Suite-class-passed -->
          <div class="suite-Suite-class-passed">
            <div class="main-panel-header rounded-window-top">
              <img src="passed.png"/>
              <span class="class-name">Test.Test_Stemex_Application_Creation_with_stage_verification</span>
            </div> <!-- main-panel-header rounded-window-top -->
            <div class="main-panel-content rounded-window-bottom">
              <div class="method">
                <div class="method-content">
                  <a name="App_Create_verify_stage1">
                  </a> <!-- App_Create_verify_stage1 -->
                  <span class="method-name">App_Create_verify_stage1</span>
                </div> <!-- method-content -->
              </div> <!-- method -->
              <div class="method">
                <div class="method-content">
                  <a name="App_Create_verify_stage2">
                  </a> <!-- App_Create_verify_stage2 -->
                  <span class="method-name">App_Create_verify_stage2</span>
                </div> <!-- method-content -->
              </div> <!-- method -->
            </div> <!-- main-panel-content rounded-window-bottom -->
          </div> <!-- suite-Suite-class-passed -->
        </div> <!-- panel Suite -->
        <div panel-name="test-xml-Suite" class="panel">
          <div class="main-panel-header rounded-window-top">
            <span class="header-content">C:\ESP_Automation\Selenium_Framework\Selenium_Framework\testng.xml</span>
          </div> <!-- main-panel-header rounded-window-top -->
          <div class="main-panel-content rounded-window-bottom">
            <pre>
&lt;?xml version=&quot;1.0&quot; encoding=&quot;UTF-8&quot;?&gt;
&lt;!DOCTYPE suite SYSTEM &quot;https://testng.org/testng-1.0.dtd&quot;&gt;
&lt;suite name=&quot;Suite&quot; guice-stage=&quot;DEVELOPMENT&quot;&gt;
  &lt;test thread-count=&quot;5&quot; name=&quot;Test&quot;&gt;
    &lt;classes&gt;
      &lt;class name=&quot;Test.Test_Log_In_Stemex&quot;/&gt;
      &lt;class name=&quot;Test.Test_Stemex_Application_Creation&quot;/&gt;
      &lt;class name=&quot;Test.Test_Stemex_Search_Filters&quot;/&gt;
      &lt;class name=&quot;Test.Test_Stemex_Application_Creation_with_stage_verification&quot;/&gt;
      &lt;class name=&quot;Test.Test_Stemex_Application_Creation_with_stage_rejected&quot;/&gt;
      &lt;class name=&quot;Test.Test_Stemex_Application_Creation_with_stage2_rejected2&quot;/&gt;
    &lt;/classes&gt;
  &lt;/test&gt; &lt;!-- Test --&gt;
&lt;/suite&gt; &lt;!-- Suite --&gt;
            </pre>
          </div> <!-- main-panel-content rounded-window-bottom -->
        </div> <!-- panel -->
        <div panel-name="testlist-Suite" class="panel">
          <div class="main-panel-header rounded-window-top">
            <span class="header-content">Tests for Suite</span>
          </div> <!-- main-panel-header rounded-window-top -->
          <div class="main-panel-content rounded-window-bottom">
            <ul>
              <li>
                <span class="test-name">Test (6 classes)</span>
              </li>
            </ul>
          </div> <!-- main-panel-content rounded-window-bottom -->
        </div> <!-- panel -->
        <div panel-name="group-Suite" class="panel">
          <div class="main-panel-header rounded-window-top">
            <span class="header-content">Groups for Suite</span>
          </div> <!-- main-panel-header rounded-window-top -->
          <div class="main-panel-content rounded-window-bottom">
          </div> <!-- main-panel-content rounded-window-bottom -->
        </div> <!-- panel -->
        <div panel-name="times-Suite" class="panel">
          <div class="main-panel-header rounded-window-top">
            <span class="header-content">Times for Suite</span>
          </div> <!-- main-panel-header rounded-window-top -->
          <div class="main-panel-content rounded-window-bottom">
            <div class="times-div">
              <script type="text/javascript">
suiteTableInitFunctions.push('tableData_Suite');
function tableData_Suite() {
var data = new google.visualization.DataTable();
data.addColumn('number', 'Number');
data.addColumn('string', 'Method');
data.addColumn('string', 'Class');
data.addColumn('number', 'Time (ms)');
data.addRows(19);
data.setCell(0, 0, 0)
data.setCell(0, 1, 'Stemp_Ex_Search_Test_By_Status_On_All_Tab')
data.setCell(0, 2, 'Test.Test_Stemex_Search_Filters')
data.setCell(0, 3, 85274);
data.setCell(1, 0, 1)
data.setCell(1, 1, 'App_Create_stage_Test')
data.setCell(1, 2, 'Test.Test_Stemex_Application_Creation_with_stage_rejected')
data.setCell(1, 3, 72689);
data.setCell(2, 0, 2)
data.setCell(2, 1, 'Stemp_Ex_Search_by_Newset_First_Record_and_Oldest_First_Record')
data.setCell(2, 2, 'Test.Test_Stemex_Search_Filters')
data.setCell(2, 3, 52174);
data.setCell(3, 0, 3)
data.setCell(3, 1, 'Test_Stemex_Log_In')
data.setCell(3, 2, 'Test.Test_Log_In_Stemex')
data.setCell(3, 3, 23131);
data.setCell(4, 0, 4)
data.setCell(4, 1, 'Stemp_Ex_Search_Test_By_Status_On_Mine_Tab')
data.setCell(4, 2, 'Test.Test_Stemex_Search_Filters')
data.setCell(4, 3, 22122);
data.setCell(5, 0, 5)
data.setCell(5, 1, 'App_Create_verify_stage1')
data.setCell(5, 2, 'Test.Test_Stemex_Application_Creation_with_stage_verification')
data.setCell(5, 3, 11155);
data.setCell(6, 0, 6)
data.setCell(6, 1, 'App_Create_verify_stage2_rejected')
data.setCell(6, 2, 'Test.Test_Stemex_Application_Creation_with_stage2_rejected2')
data.setCell(6, 3, 11146);
data.setCell(7, 0, 7)
data.setCell(7, 1, 'Test_Stemex_Log_In_with_wrong_credentials')
data.setCell(7, 2, 'Test.Test_Log_In_Stemex')
data.setCell(7, 3, 8991);
data.setCell(8, 0, 8)
data.setCell(8, 1, 'App_Create_verify_stage2')
data.setCell(8, 2, 'Test.Test_Stemex_Application_Creation_with_stage_verification')
data.setCell(8, 3, 8125);
data.setCell(9, 0, 9)
data.setCell(9, 1, 'App_Create_verify_stage1_rejected')
data.setCell(9, 2, 'Test.Test_Stemex_Application_Creation_with_stage_rejected')
data.setCell(9, 3, 8120);
data.setCell(10, 0, 10)
data.setCell(10, 1, 'Stemp_Ex_Search_by_Definition_On_Mine_Tab')
data.setCell(10, 2, 'Test.Test_Stemex_Search_Filters')
data.setCell(10, 3, 7997);
data.setCell(11, 0, 11)
data.setCell(11, 1, 'Stemp_Ex_Search_by_Definition_On_Action_Tab')
data.setCell(11, 2, 'Test.Test_Stemex_Search_Filters')
data.setCell(11, 3, 7937);
data.setCell(12, 0, 12)
data.setCell(12, 1, 'Stemp_Ex_Search_by_Definition_On_All_Tab')
data.setCell(12, 2, 'Test.Test_Stemex_Search_Filters')
data.setCell(12, 3, 7576);
data.setCell(13, 0, 13)
data.setCell(13, 1, 'App_Create_stage_Test')
data.setCell(13, 2, 'Test.Test_Stemex_Application_Creation_with_stage2_rejected2')
data.setCell(13, 3, 4442);
data.setCell(14, 0, 14)
data.setCell(14, 1, 'App_Create_Test')
data.setCell(14, 2, 'Test.Test_Stemex_Application_Creation')
data.setCell(14, 3, 3619);
data.setCell(15, 0, 15)
data.setCell(15, 1, 'Stemp_Ex_Search_Test_Record_On_All_Tab')
data.setCell(15, 2, 'Test.Test_Stemex_Search_Filters')
data.setCell(15, 3, 2347);
data.setCell(16, 0, 16)
data.setCell(16, 1, 'Stemp_Ex_Search_Test_Record_On_Mine_Tab')
data.setCell(16, 2, 'Test.Test_Stemex_Search_Filters')
data.setCell(16, 3, 1802);
data.setCell(17, 0, 17)
data.setCell(17, 1, 'App_Create_stage_Test')
data.setCell(17, 2, 'Test.Test_Stemex_Application_Creation_with_stage_verification')
data.setCell(17, 3, 1793);
data.setCell(18, 0, 18)
data.setCell(18, 1, 'Stemp_Ex_Search_Test_Record_On_Action_Tab')
data.setCell(18, 2, 'Test.Test_Stemex_Search_Filters')
data.setCell(18, 3, 1791);
window.suiteTableData['Suite']= { tableData: data, tableDiv: 'times-div-Suite'}
return data;
}
              </script>
              <span class="suite-total-time">Total running time: 5 minutes</span>
              <div id="times-div-Suite">
              </div> <!-- times-div-Suite -->
            </div> <!-- times-div -->
          </div> <!-- main-panel-content rounded-window-bottom -->
        </div> <!-- panel -->
        <div panel-name="reporter-Suite" class="panel">
          <div class="main-panel-header rounded-window-top">
            <span class="header-content">Reporter output for Suite</span>
          </div> <!-- main-panel-header rounded-window-top -->
          <div class="main-panel-content rounded-window-bottom">
          </div> <!-- main-panel-content rounded-window-bottom -->
        </div> <!-- panel -->
        <div panel-name="ignored-methods-Suite" class="panel">
          <div class="main-panel-header rounded-window-top">
            <span class="header-content">0 ignored methods</span>
          </div> <!-- main-panel-header rounded-window-top -->
          <div class="main-panel-content rounded-window-bottom">
          </div> <!-- main-panel-content rounded-window-bottom -->
        </div> <!-- panel -->
        <div panel-name="chronological-Suite" class="panel">
          <div class="main-panel-header rounded-window-top">
            <span class="header-content">Methods in chronological order</span>
          </div> <!-- main-panel-header rounded-window-top -->
          <div class="main-panel-content rounded-window-bottom">
            <div class="chronological-class">
              <div class="chronological-class-name">Test.Test_Log_In_Stemex</div> <!-- chronological-class-name -->
              <div class="configuration-class before">
                <span class="method-name">setup</span>
                <span class="method-start">0 ms</span>
              </div> <!-- configuration-class before -->
              <div class="test-method">
                <span class="method-name">Test_Stemex_Log_In_with_wrong_credentials</span>
                <span class="method-start">31036 ms</span>
              </div> <!-- test-method -->
              <div class="test-method">
                <span class="method-name">Test_Stemex_Log_In</span>
                <span class="method-start">40095 ms</span>
              </div> <!-- test-method -->
              <div class="configuration-class after">
                <span class="method-name">Tear_Down</span>
                <span class="method-start">63231 ms</span>
              </div> <!-- configuration-class after -->
            </div> <!-- chronological-class -->
            <div class="chronological-class">
              <div class="chronological-class-name">Test.Test_Stemex_Application_Creation</div> <!-- chronological-class-name -->
              <div class="configuration-class before">
                <span class="method-name">setup</span>
                <span class="method-start">63480 ms</span>
              </div> <!-- configuration-class before -->
              <div class="test-method">
                <img src="failed.png">
                </img>
                <span class="method-name">App_Create_Test</span>
                <span class="method-start">87029 ms</span>
              </div> <!-- test-method -->
              <div class="configuration-class after">
                <span class="method-name">Tear_Down</span>
                <span class="method-start">90842 ms</span>
              </div> <!-- configuration-class after -->
            </div> <!-- chronological-class -->
            <div class="chronological-class">
              <div class="chronological-class-name">Test.Test_Stemex_Search_Filters</div> <!-- chronological-class-name -->
              <div class="configuration-class before">
                <span class="method-name">setup</span>
                <span class="method-start">91019 ms</span>
              </div> <!-- configuration-class before -->
              <div class="test-method">
                <span class="method-name">Stemp_Ex_Search_Test_By_Status_On_All_Tab</span>
                <span class="method-start">102778 ms</span>
              </div> <!-- test-method -->
              <div class="test-method">
                <span class="method-name">Stemp_Ex_Search_Test_By_Status_On_Mine_Tab</span>
                <span class="method-start">188056 ms</span>
              </div> <!-- test-method -->
              <div class="test-method">
                <span class="method-name">Stemp_Ex_Search_by_Newset_First_Record_and_Oldest_First_Record</span>
                <span class="method-start">210181 ms</span>
              </div> <!-- test-method -->
              <div class="test-method">
                <span class="method-name">Stemp_Ex_Search_by_Definition_On_All_Tab</span>
                <span class="method-start">262358 ms</span>
              </div> <!-- test-method -->
              <div class="test-method">
                <span class="method-name">Stemp_Ex_Search_Test_Record_On_All_Tab</span>
                <span class="method-start">269936 ms</span>
              </div> <!-- test-method -->
              <div class="test-method">
                <span class="method-name">Stemp_Ex_Search_by_Definition_On_Mine_Tab</span>
                <span class="method-start">272286 ms</span>
              </div> <!-- test-method -->
              <div class="test-method">
                <span class="method-name">Stemp_Ex_Search_Test_Record_On_Mine_Tab</span>
                <span class="method-start">280286 ms</span>
              </div> <!-- test-method -->
              <div class="test-method">
                <span class="method-name">Stemp_Ex_Search_by_Definition_On_Action_Tab</span>
                <span class="method-start">282090 ms</span>
              </div> <!-- test-method -->
              <div class="test-method">
                <span class="method-name">Stemp_Ex_Search_Test_Record_On_Action_Tab</span>
                <span class="method-start">290029 ms</span>
              </div> <!-- test-method -->
              <div class="configuration-class after">
                <span class="method-name">Tear_Down</span>
                <span class="method-start">291822 ms</span>
              </div> <!-- configuration-class after -->
            </div> <!-- chronological-class -->
            <div class="chronological-class">
              <div class="chronological-class-name">Test.Test_Stemex_Application_Creation_with_stage_verification</div> <!-- chronological-class-name -->
              <div class="configuration-class before">
                <span class="method-name">setup</span>
                <span class="method-start">291935 ms</span>
              </div> <!-- configuration-class before -->
              <div class="test-method">
                <img src="failed.png">
                </img>
                <span class="method-name">App_Create_stage_Test</span>
                <span class="method-start">309688 ms</span>
              </div> <!-- test-method -->
              <div class="test-method">
                <span class="method-name">App_Create_verify_stage1</span>
                <span class="method-start">311587 ms</span>
              </div> <!-- test-method -->
              <div class="test-method">
                <span class="method-name">App_Create_verify_stage2</span>
                <span class="method-start">322745 ms</span>
              </div> <!-- test-method -->
              <div class="configuration-class after">
                <span class="method-name">Tear_Down</span>
                <span class="method-start">330871 ms</span>
              </div> <!-- configuration-class after -->
            </div> <!-- chronological-class -->
            <div class="chronological-class">
              <div class="chronological-class-name">Test.Test_Stemex_Application_Creation_with_stage_rejected</div> <!-- chronological-class-name -->
              <div class="configuration-class before">
                <span class="method-name">setup</span>
                <span class="method-start">330986 ms</span>
              </div> <!-- configuration-class before -->
              <div class="test-method">
                <span class="method-name">App_Create_stage_Test</span>
                <span class="method-start">365340 ms</span>
              </div> <!-- test-method -->
              <div class="test-method">
                <span class="method-name">App_Create_verify_stage1_rejected</span>
                <span class="method-start">438034 ms</span>
              </div> <!-- test-method -->
              <div class="configuration-class after">
                <span class="method-name">Tear_Down</span>
                <span class="method-start">446155 ms</span>
              </div> <!-- configuration-class after -->
            </div> <!-- chronological-class -->
            <div class="chronological-class">
              <div class="chronological-class-name">Test.Test_Stemex_Application_Creation_with_stage2_rejected2</div> <!-- chronological-class-name -->
              <div class="configuration-class before">
                <span class="method-name">setup</span>
                <span class="method-start">446271 ms</span>
              </div> <!-- configuration-class before -->
              <div class="test-method">
                <img src="failed.png">
                </img>
                <span class="method-name">App_Create_stage_Test</span>
                <span class="method-start">485094 ms</span>
              </div> <!-- test-method -->
              <div class="test-method">
                <span class="method-name">App_Create_verify_stage2_rejected</span>
                <span class="method-start">489640 ms</span>
              </div> <!-- test-method -->
              <div class="configuration-class after">
                <span class="method-name">Tear_Down</span>
                <span class="method-start">500788 ms</span>
              </div> <!-- configuration-class after -->
          </div> <!-- main-panel-content rounded-window-bottom -->
        </div> <!-- panel -->
      </div> <!-- main-panel-root -->
    </div> <!-- wrapper -->
  </body>
</html>
